GROUP,PACKAGE,CLASS,INSTRUCTION_MISSED,INSTRUCTION_COVERED,BRANCH_MISSED,BRANCH_COVERED,LINE_MISSED,LINE_COVERED,COMPLEXITY_MISSED,COMPLEXITY_COVERED,METHOD_MISSED,METHOD_COVERED
ferris-resiste-console,org.ferris.resiste.console.util.version,Version,113,0,12,0,38,0,12,0,6,0
ferris-resiste-console,org.ferris.resiste.console.email,EmailAccountService,45,0,2,0,11,0,4,0,3,0
ferris-resiste-console,org.ferris.resiste.console.email,EmailDraftEvent,64,0,4,0,11,0,7,0,5,0
ferris-resiste-console,org.ferris.resiste.console.email,EmailErrorEvent,62,0,4,0,11,0,7,0,5,0
ferris-resiste-console,org.ferris.resiste.console.email,EmailDraftPage,47,0,0,0,9,0,3,0,3,0
ferris-resiste-console,org.ferris.resiste.console.email,EmailErrorService,195,0,2,0,46,0,6,0,5,0
ferris-resiste-console,org.ferris.resiste.console.email,EmailAccount,118,0,8,0,38,0,19,0,15,0
ferris-resiste-console,org.ferris.resiste.console.email,EmailDraft,61,0,4,0,10,0,6,0,4,0
ferris-resiste-console,org.ferris.resiste.console.email,EmailSender,165,0,2,0,32,0,3,0,2,0
ferris-resiste-console,org.ferris.resiste.console.email,EmailAccountPropertiesFile,8,0,0,0,2,0,1,0,1,0
ferris-resiste-console,org.ferris.resiste.console.email,EmailDraftService,463,0,4,0,92,0,10,0,8,0
ferris-resiste-console,org.ferris.resiste.console.email,EmailSender.new Authenticator() {...},19,0,0,0,2,0,2,0,2,0
ferris-resiste-console,org.ferris.resiste.console.email,EmailSendService,47,0,0,0,8,0,5,0,5,0
ferris-resiste-console,org.ferris.resiste.console.retry,ExceptionRetryInterceptor,66,0,2,0,14,0,3,0,2,0
ferris-resiste-console,org.ferris.resiste.console.retry,ExceptionBreak,4,0,0,0,2,0,1,0,1,0
ferris-resiste-console,org.ferris.resiste.console.rss,RssHistoryService,98,0,0,0,18,0,8,0,8,0
ferris-resiste-console,org.ferris.resiste.console.rss,RssHistory,81,0,0,0,13,0,6,0,6,0
ferris-resiste-console,org.ferris.resiste.console.rss,RssEntry,73,0,0,0,27,0,17,0,17,0
ferris-resiste-console,org.ferris.resiste.console.rss,RssUrl,77,0,4,0,14,0,6,0,4,0
ferris-resiste-console,org.ferris.resiste.console.rss,RssHistoryRepository,450,0,26,0,78,0,26,0,13,0
ferris-resiste-console,org.ferris.resiste.console.rss,RssUrlService,11,0,0,0,3,0,2,0,2,0
ferris-resiste-console,org.ferris.resiste.console.rss,RssUrlRepository,77,0,2,0,19,0,6,0,5,0
ferris-resiste-console,org.ferris.resiste.console.rss,RssFeed,38,0,0,0,16,0,11,0,11,0
ferris-resiste-console,org.ferris.resiste.console.rss,RssMediaFile,15,0,0,0,6,0,3,0,3,0
ferris-resiste-console,org.ferris.resiste.console.rss,RssUrlFactory,101,0,10,0,21,0,7,0,2,0
ferris-resiste-console,org.ferris.resiste.console.rss,RssImage,15,0,0,0,6,0,3,0,3,0
ferris-resiste-console,org.ferris.resiste.console.rss,RssFeedFactory,276,0,14,0,55,0,29,0,22,0
ferris-resiste-console,org.ferris.resiste.console.rss,RssHistoryEvent,41,0,2,0,7,0,4,0,3,0
ferris-resiste-console,org.ferris.resiste.console.main,Main,108,0,0,0,30,0,3,0,3,0
ferris-resiste-console,org.ferris.resiste.console.main,StartupEvent,13,0,0,0,3,0,2,0,2,0
ferris-resiste-console,org.ferris.resiste.console.exit,ExitObserver,18,0,0,0,6,0,2,0,2,0
ferris-resiste-console,org.ferris.resiste.console.exit,ExitPage,18,0,0,0,5,0,2,0,2,0
ferris-resiste-console,org.ferris.resiste.console.exit,ExitTool,9,0,0,0,5,0,3,0,3,0
ferris-resiste-console,org.ferris.resiste.console.exit,ExitEvent,3,0,0,0,1,0,1,0,1,0
ferris-resiste-console,org.ferris.resiste.console.logger,LoggerProducer,10,0,0,0,3,0,2,0,2,0
ferris-resiste-console,org.ferris.resiste.console.logger,LoggerFileAppender,51,0,0,0,11,0,1,0,1,0
ferris-resiste-console,org.ferris.resiste.console.conf,ConfDirectory,5,0,0,0,2,0,1,0,1,0
ferris-resiste-console,org.ferris.resiste.console.view.page,AbstractPage,3,0,0,0,1,0,1,0,1,0
ferris-resiste-console,org.ferris.resiste.console.lang,StringUtils,25,0,2,0,7,0,6,0,5,0
ferris-resiste-console,org.ferris.resiste.console.util.concurrent,ExecutorsTool,6,0,0,0,2,0,2,0,2,0
ferris-resiste-console,org.ferris.resiste.console.util.concurrent,ScheduledExecutorServiceProducer,7,0,0,0,2,0,2,0,2,0
ferris-resiste-console,org.ferris.resiste.console.data,DataDirectory,5,0,0,0,2,0,1,0,1,0
ferris-resiste-console,org.ferris.resiste.console.rome,SyndRetrievalEvent,72,0,4,0,13,0,8,0,6,0
ferris-resiste-console,org.ferris.resiste.console.rome,SyndFilterEvent,38,0,2,0,7,0,4,0,3,0
ferris-resiste-console,org.ferris.resiste.console.rome,SyndFilterService,50,0,0,0,11,0,4,0,4,0
ferris-resiste-console,org.ferris.resiste.console.rome,SyndFilterPage,82,0,0,0,10,0,4,0,4,0
ferris-resiste-console,org.ferris.resiste.console.rome,SyndRetrievalService,79,0,0,0,18,0,3,0,3,0
ferris-resiste-console,org.ferris.resiste.console.rome,SyndRetrievalPage,82,0,0,0,10,0,4,0,4,0
ferris-resiste-console,org.ferris.resiste.console.io,AbstractPropertiesFile,76,0,8,0,10,0,6,0,2,0
ferris-resiste-console,org.ferris.resiste.console.io,Console,143,0,2,0,38,0,11,0,10,0
ferris-resiste-console,org.ferris.resiste.console.io,ConsoleWriter,31,0,0,0,12,0,4,0,4,0
ferris-resiste-console,org.ferris.resiste.console.io,ConsoleWriterProducer,11,0,0,0,2,0,2,0,2,0
ferris-resiste-console,org.ferris.resiste.console.splash,SplashScreenPage,107,0,0,0,24,0,6,0,6,0
ferris-resiste-console,org.ferris.resiste.console.text.i18n,LocalizedStringProducer,333,0,10,0,53,0,14,0,9,0
ferris-resiste-console,org.ferris.resiste.console.text.i18n,LocalizedStringList,34,0,2,0,9,0,3,0,2,0
ferris-resiste-console,org.ferris.resiste.console.text.i18n,LocalizedString,18,9,0,0,6,4,3,2,3,2
ferris-resiste-console,org.ferris.resiste.console.exception,UncaughtExceptionPage,24,0,0,0,6,0,2,0,2,0
ferris-resiste-console,org.ferris.resiste.console.exception,UncaughtExceptionTool,6,0,0,0,3,0,2,0,2,0
ferris-resiste-console,org.ferris.resiste.console.exception,UncaughtExceptionService,52,0,0,0,11,0,3,0,3,0
ferris-resiste-console,org.ferris.resiste.console.exception,UncaughtExceptionService.new ArrayList() {...},30,0,0,0,3,0,1,0,1,0
ferris-resiste-console,org.ferris.resiste.console.application,ApplicationDirectoryProducer,28,0,0,0,7,0,2,0,2,0
ferris-resiste-console,org.ferris.resiste.console.application,ApplicationDirectory,4,0,0,0,2,0,1,0,1,0
